{"contracts/CrowdFunding.sol":{"l":{"32":5,"33":5,"38":5,"39":5,"40":5,"41":5,"42":5,"43":5,"44":5,"45":5,"47":5,"49":5,"53":0,"55":0,"56":0,"57":0,"59":0,"61":0,"62":0,"63":0,"70":0,"74":1,"76":1,"77":2,"78":2,"81":1},"path":"/home/devil/Desktop/CrowdFunding/contract/contracts/CrowdFunding.sol","s":{"1":5,"2":5,"3":5,"4":0,"5":0,"6":0,"7":0,"8":0,"9":0,"10":1,"11":1,"12":2,"13":1},"b":{"1":[5,0],"2":[0,0]},"f":{"1":5,"2":0,"3":0,"4":1},"fnMap":{"1":{"name":"createCampaign","line":25,"loc":{"start":{"line":25,"column":4},"end":{"line":50,"column":4}}},"2":{"name":"donate","line":52,"loc":{"start":{"line":52,"column":4},"end":{"line":65,"column":4}}},"3":{"name":"getTransactions","line":67,"loc":{"start":{"line":67,"column":4},"end":{"line":71,"column":4}}},"4":{"name":"getCampaigns","line":73,"loc":{"start":{"line":73,"column":4},"end":{"line":82,"column":4}}}},"statementMap":{"1":{"start":{"line":32,"column":8},"end":{"line":32,"column":64}},"2":{"start":{"line":33,"column":8},"end":{"line":33,"column":839}},"3":{"start":{"line":49,"column":8},"end":{"line":49,"column":36}},"4":{"start":{"line":53,"column":8},"end":{"line":53,"column":50}},"5":{"start":{"line":55,"column":8},"end":{"line":55,"column":38}},"6":{"start":{"line":59,"column":8},"end":{"line":59,"column":77}},"7":{"start":{"line":61,"column":8},"end":{"line":61,"column":1672}},"8":{"start":{"line":63,"column":12},"end":{"line":63,"column":47}},"9":{"start":{"line":70,"column":8},"end":{"line":70,"column":39}},"10":{"start":{"line":74,"column":8},"end":{"line":74,"column":74}},"11":{"start":{"line":76,"column":8},"end":{"line":76,"column":2109}},"12":{"start":{"line":77,"column":12},"end":{"line":77,"column":52}},"13":{"start":{"line":81,"column":8},"end":{"line":81,"column":27}}},"branchMap":{"1":{"line":33,"type":"if","locations":[{"start":{"line":33,"column":8},"end":{"line":33,"column":8}},{"start":{"line":33,"column":8},"end":{"line":33,"column":8}}]},"2":{"line":61,"type":"if","locations":[{"start":{"line":61,"column":8},"end":{"line":61,"column":8}},{"start":{"line":61,"column":8},"end":{"line":61,"column":8}}]}}}}