TN:
SF:/home/devil/Desktop/CrowdFunding/contract/contracts/CrowdFunding.sol
FN:25,createCampaign
FN:52,donate
FN:67,getTransactions
FN:73,getCampaigns
FNF:4
FNH:2
FNDA:5,createCampaign
FNDA:0,donate
FNDA:0,getTransactions
FNDA:1,getCampaigns
DA:32,5
DA:33,5
DA:38,5
DA:39,5
DA:40,5
DA:41,5
DA:42,5
DA:43,5
DA:44,5
DA:45,5
DA:47,5
DA:49,5
DA:53,0
DA:55,0
DA:56,0
DA:57,0
DA:59,0
DA:61,0
DA:62,0
DA:63,0
DA:70,0
DA:74,1
DA:76,1
DA:77,2
DA:78,2
DA:81,1
LF:26
LH:17
BRDA:33,1,0,5
BRDA:33,1,1,0
BRDA:61,2,0,0
BRDA:61,2,1,0
BRF:4
BRH:1
end_of_record
